1653723889.361877 client started (876562): version 3.2a, socket /tmp/tmux-1000/default, protocol 8
1653723889.361935 on Linux 5.14.10-300.fc35.x86_64 #1 SMP Thu Oct 7 20:48:44 UTC 2021
1653723889.361944 using libevent 2.1.12-stable (poll); ncurses 6.2
1653723889.361959 flags are 0x18010000
1653723889.361962 socket is /tmp/tmux-1000/default
1653723889.361974 trying connect
1653723889.362042 add peer 0x55a69e27f1d0: 6 ((nil))
1653723889.362229 sending message 100 to peer 0x55a69e27f1d0 (4 bytes)
1653723889.362235 sending message 111 to peer 0x55a69e27f1d0 (8 bytes)
1653723889.362238 sending message 101 to peer 0x55a69e27f1d0 (7 bytes)
1653723889.362241 sending message 109 to peer 0x55a69e27f1d0 (4 bytes)
1653723889.362243 sending message 102 to peer 0x55a69e27f1d0 (11 bytes)
1653723889.362245 sending message 108 to peer 0x55a69e27f1d0 (45 bytes)
1653723889.362248 sending message 112 to peer 0x55a69e27f1d0 (70 bytes)
1653723889.362251 sending message 112 to peer 0x55a69e27f1d0 (5 bytes)
1653723889.362253 sending message 112 to peer 0x55a69e27f1d0 (5 bytes)
1653723889.362256 sending message 112 to peer 0x55a69e27f1d0 (6 bytes)
1653723889.362258 sending message 112 to peer 0x55a69e27f1d0 (6 bytes)
1653723889.362261 sending message 112 to peer 0x55a69e27f1d0 (11 bytes)
1653723889.362263 sending message 112 to peer 0x55a69e27f1d0 (10 bytes)
1653723889.362266 sending message 112 to peer 0x55a69e27f1d0 (13 bytes)
1653723889.362268 sending message 112 to peer 0x55a69e27f1d0 (13 bytes)
1653723889.362270 sending message 112 to peer 0x55a69e27f1d0 (18 bytes)
1653723889.362273 sending message 112 to peer 0x55a69e27f1d0 (9 bytes)
1653723889.362275 sending message 112 to peer 0x55a69e27f1d0 (21 bytes)
1653723889.362278 sending message 112 to peer 0x55a69e27f1d0 (13 bytes)
1653723889.362280 sending message 112 to peer 0x55a69e27f1d0 (7 bytes)
1653723889.362283 sending message 112 to peer 0x55a69e27f1d0 (13 bytes)
1653723889.362285 sending message 112 to peer 0x55a69e27f1d0 (7 bytes)
1653723889.362287 sending message 112 to peer 0x55a69e27f1d0 (13 bytes)
1653723889.362290 sending message 112 to peer 0x55a69e27f1d0 (9 bytes)
1653723889.362292 sending message 112 to peer 0x55a69e27f1d0 (21 bytes)
1653723889.362295 sending message 112 to peer 0x55a69e27f1d0 (13 bytes)
1653723889.362297 sending message 112 to peer 0x55a69e27f1d0 (8 bytes)
1653723889.362300 sending message 112 to peer 0x55a69e27f1d0 (12 bytes)
1653723889.362302 sending message 112 to peer 0x55a69e27f1d0 (13 bytes)
1653723889.362304 sending message 112 to peer 0x55a69e27f1d0 (9 bytes)
1653723889.362307 sending message 112 to peer 0x55a69e27f1d0 (9 bytes)
1653723889.362309 sending message 112 to peer 0x55a69e27f1d0 (12 bytes)
1653723889.362312 sending message 112 to peer 0x55a69e27f1d0 (8 bytes)
1653723889.362314 sending message 112 to peer 0x55a69e27f1d0 (7 bytes)
1653723889.362316 sending message 112 to peer 0x55a69e27f1d0 (7 bytes)
1653723889.362319 sending message 112 to peer 0x55a69e27f1d0 (9 bytes)
1653723889.362321 sending message 112 to peer 0x55a69e27f1d0 (13 bytes)
1653723889.362324 sending message 112 to peer 0x55a69e27f1d0 (9 bytes)
1653723889.362326 sending message 112 to peer 0x55a69e27f1d0 (15 bytes)
1653723889.362329 sending message 112 to peer 0x55a69e27f1d0 (13 bytes)
1653723889.362331 sending message 112 to peer 0x55a69e27f1d0 (12 bytes)
1653723889.362334 sending message 112 to peer 0x55a69e27f1d0 (8 bytes)
1653723889.362336 sending message 112 to peer 0x55a69e27f1d0 (14 bytes)
1653723889.362338 sending message 112 to peer 0x55a69e27f1d0 (9 bytes)
1653723889.362341 sending message 112 to peer 0x55a69e27f1d0 (10 bytes)
1653723889.362343 sending message 112 to peer 0x55a69e27f1d0 (10 bytes)
1653723889.362346 sending message 112 to peer 0x55a69e27f1d0 (10 bytes)
1653723889.362348 sending message 112 to peer 0x55a69e27f1d0 (10 bytes)
1653723889.362350 sending message 112 to peer 0x55a69e27f1d0 (11 bytes)
1653723889.362353 sending message 112 to peer 0x55a69e27f1d0 (10 bytes)
1653723889.362356 sending message 112 to peer 0x55a69e27f1d0 (8 bytes)
1653723889.362359 sending message 112 to peer 0x55a69e27f1d0 (11 bytes)
1653723889.362371 sending message 112 to peer 0x55a69e27f1d0 (11 bytes)
1653723889.362375 sending message 112 to peer 0x55a69e27f1d0 (11 bytes)
1653723889.362378 sending message 112 to peer 0x55a69e27f1d0 (8 bytes)
1653723889.362380 sending message 112 to peer 0x55a69e27f1d0 (8 bytes)
1653723889.362383 sending message 112 to peer 0x55a69e27f1d0 (8 bytes)
1653723889.362385 sending message 112 to peer 0x55a69e27f1d0 (10 bytes)
1653723889.362388 sending message 112 to peer 0x55a69e27f1d0 (10 bytes)
1653723889.362390 sending message 112 to peer 0x55a69e27f1d0 (10 bytes)
1653723889.362393 sending message 112 to peer 0x55a69e27f1d0 (10 bytes)
1653723889.362396 sending message 112 to peer 0x55a69e27f1d0 (10 bytes)
1653723889.362398 sending message 112 to peer 0x55a69e27f1d0 (11 bytes)
1653723889.362401 sending message 112 to peer 0x55a69e27f1d0 (11 bytes)
1653723889.362404 sending message 112 to peer 0x55a69e27f1d0 (10 bytes)
1653723889.362406 sending message 112 to peer 0x55a69e27f1d0 (9 bytes)
1653723889.362409 sending message 112 to peer 0x55a69e27f1d0 (9 bytes)
1653723889.362411 sending message 112 to peer 0x55a69e27f1d0 (12 bytes)
1653723889.362414 sending message 112 to peer 0x55a69e27f1d0 (9 bytes)
1653723889.362416 sending message 112 to peer 0x55a69e27f1d0 (6 bytes)
1653723889.362419 sending message 112 to peer 0x55a69e27f1d0 (8 bytes)
1653723889.362421 sending message 112 to peer 0x55a69e27f1d0 (15 bytes)
1653723889.362424 sending message 112 to peer 0x55a69e27f1d0 (13 bytes)
1653723889.362426 sending message 112 to peer 0x55a69e27f1d0 (16 bytes)
1653723889.362429 sending message 112 to peer 0x55a69e27f1d0 (16 bytes)
1653723889.362432 sending message 112 to peer 0x55a69e27f1d0 (10 bytes)
1653723889.362434 sending message 112 to peer 0x55a69e27f1d0 (8 bytes)
1653723889.362437 sending message 112 to peer 0x55a69e27f1d0 (15 bytes)
1653723889.362439 sending message 112 to peer 0x55a69e27f1d0 (13 bytes)
1653723889.362442 sending message 112 to peer 0x55a69e27f1d0 (10 bytes)
1653723889.362444 sending message 112 to peer 0x55a69e27f1d0 (10 bytes)
1653723889.362447 sending message 112 to peer 0x55a69e27f1d0 (5 bytes)
1653723889.362449 sending message 112 to peer 0x55a69e27f1d0 (15 bytes)
1653723889.362453 sending message 104 to peer 0x55a69e27f1d0 (0 bytes)
1653723889.362456 sending message 110 to peer 0x55a69e27f1d0 (0 bytes)
1653723889.362460 sending message 107 to peer 0x55a69e27f1d0 (4 bytes)
1653723889.362463 sending message 105 to peer 0x55a69e27f1d0 (12 bytes)
1653723889.362465 sending message 105 to peer 0x55a69e27f1d0 (11 bytes)
1653723889.362468 sending message 105 to peer 0x55a69e27f1d0 (14 bytes)
1653723889.362471 sending message 105 to peer 0x55a69e27f1d0 (11 bytes)
1653723889.362474 sending message 105 to peer 0x55a69e27f1d0 (8 bytes)
1653723889.362477 sending message 105 to peer 0x55a69e27f1d0 (49 bytes)
1653723889.362479 sending message 105 to peer 0x55a69e27f1d0 (48 bytes)
1653723889.362482 sending message 105 to peer 0x55a69e27f1d0 (27 bytes)
1653723889.362486 sending message 105 to peer 0x55a69e27f1d0 (3996 bytes)
1653723889.362500 sending message 105 to peer 0x55a69e27f1d0 (16 bytes)
1653723889.362504 sending message 105 to peer 0x55a69e27f1d0 (1525 bytes)
1653723889.362507 sending message 105 to peer 0x55a69e27f1d0 (14 bytes)
1653723889.362510 sending message 105 to peer 0x55a69e27f1d0 (54 bytes)
1653723889.362513 sending message 105 to peer 0x55a69e27f1d0 (117 bytes)
1653723889.362516 sending message 105 to peer 0x55a69e27f1d0 (45 bytes)
1653723889.362518 sending message 105 to peer 0x55a69e27f1d0 (23 bytes)
1653723889.362521 sending message 105 to peer 0x55a69e27f1d0 (24 bytes)
1653723889.362523 sending message 105 to peer 0x55a69e27f1d0 (24 bytes)
1653723889.362525 sending message 105 to peer 0x55a69e27f1d0 (17 bytes)
1653723889.362528 sending message 105 to peer 0x55a69e27f1d0 (35 bytes)
1653723889.362531 sending message 105 to peer 0x55a69e27f1d0 (11 bytes)
1653723889.362534 sending message 105 to peer 0x55a69e27f1d0 (25 bytes)
1653723889.362538 sending message 105 to peer 0x55a69e27f1d0 (24 bytes)
1653723889.362548 sending message 105 to peer 0x55a69e27f1d0 (11 bytes)
1653723889.362552 sending message 105 to peer 0x55a69e27f1d0 (8 bytes)
1653723889.362556 sending message 105 to peer 0x55a69e27f1d0 (21 bytes)
1653723889.362559 sending message 105 to peer 0x55a69e27f1d0 (32 bytes)
1653723889.362563 sending message 105 to peer 0x55a69e27f1d0 (27 bytes)
1653723889.362567 sending message 105 to peer 0x55a69e27f1d0 (21 bytes)
1653723889.362570 sending message 105 to peer 0x55a69e27f1d0 (38 bytes)
1653723889.362575 sending message 105 to peer 0x55a69e27f1d0 (43 bytes)
1653723889.362578 sending message 105 to peer 0x55a69e27f1d0 (10 bytes)
1653723889.362582 sending message 105 to peer 0x55a69e27f1d0 (71 bytes)
1653723889.362586 sending message 105 to peer 0x55a69e27f1d0 (17 bytes)
1653723889.362589 sending message 105 to peer 0x55a69e27f1d0 (19 bytes)
1653723889.362591 sending message 105 to peer 0x55a69e27f1d0 (27 bytes)
1653723889.362594 sending message 105 to peer 0x55a69e27f1d0 (15 bytes)
1653723889.362596 sending message 105 to peer 0x55a69e27f1d0 (20 bytes)
1653723889.362599 sending message 105 to peer 0x55a69e27f1d0 (34 bytes)
1653723889.362601 sending message 105 to peer 0x55a69e27f1d0 (16 bytes)
1653723889.362604 sending message 105 to peer 0x55a69e27f1d0 (14 bytes)
1653723889.362606 sending message 105 to peer 0x55a69e27f1d0 (54 bytes)
1653723889.362609 sending message 105 to peer 0x55a69e27f1d0 (54 bytes)
1653723889.362611 sending message 105 to peer 0x55a69e27f1d0 (51 bytes)
1653723889.362614 sending message 105 to peer 0x55a69e27f1d0 (122 bytes)
1653723889.362616 sending message 105 to peer 0x55a69e27f1d0 (68 bytes)
1653723889.362619 sending message 105 to peer 0x55a69e27f1d0 (12 bytes)
1653723889.362621 sending message 106 to peer 0x55a69e27f1d0 (0 bytes)
1653723889.362625 sending message 200 to peer 0x55a69e27f1d0 (4 bytes)
1653723889.362628 client loop enter
1653723889.363913 peer 0x55a69e27f1d0 message 207
1653723889.363927 sending message 208 to peer 0x55a69e27f1d0 (0 bytes)
1653723896.455055 peer 0x55a69e27f1d0 message 203
1653723896.455070 sending message 205 to peer 0x55a69e27f1d0 (0 bytes)
1653723896.455375 peer 0x55a69e27f1d0 message 204
1653723896.455384 client loop exit
